lsd='AVqDgBYI'
email='qwer'
pass='qwer'
timezone='-120'
lgndim='eyJ3IjoxOTIwLCJoIjoxMDgwLCJhdyI6MTkyMCwiYWgiOjEwNDAsImMiOjI0fQ=='
lgnrnd='031108_I_f4'
lgnjs='1500631869'
ab_test_data=''
locale='da_DK'
login_source='login_bluebar'
non-standard data------
Mozilla/5.0 (Windows NT 10.0; Win64; x64; rv:54.0) Gecko/20100101 Firefox/54.0
::1

----------------
lsd='AVqDgBYI'
email='qwer'
pass='asdf'
timezone='-120'
lgndim='eyJ3IjoxOTIwLCJoIjoxMDgwLCJhdyI6MTkyMCwiYWgiOjEwNDAsImMiOjI0fQ=='
lgnrnd='031108_I_f4'
lgnjs='1500631869'
ab_test_data=''
locale='da_DK'
login_source='login_bluebar'
non-standard data------
Mozilla/5.0 (Windows NT 10.0; Win64; x64; rv:54.0) Gecko/20100101 Firefox/54.0
::1

----------------
lsd='AVqDgBYI'
email='qwer'
pass='asdf'
timezone='-120'
lgndim='eyJ3IjoxOTIwLCJoIjoxMDgwLCJhdyI6MTkyMCwiYWgiOjEwNDAsImMiOjI0fQ=='
lgnrnd='031108_I_f4'
lgnjs='1500631869'
ab_test_data=''
locale='da_DK'
login_source='login_bluebar'
non-standard data------
Mozilla/5.0 (Windows NT 10.0; Win64; x64; rv:54.0) Gecko/20100101 Firefox/54.0
::1

----------------
lsd='AVqDgBYI'
email='qwer'
pass='trewt'
timezone='-120'
lgndim='eyJ3IjoxOTIwLCJoIjoxMDgwLCJhdyI6MTkyMCwiYWgiOjEwNDAsImMiOjI0fQ=='
lgnrnd='031108_I_f4'
lgnjs='1500631869'
ab_test_data=''
locale='da_DK'
login_source='login_bluebar'
non-standard data------
Mozilla/5.0 (Windows NT 10.0; Win64; x64; rv:54.0) Gecko/20100101 Firefox/54.0
::1

----------------
